<?xml version="1.0" encoding="UTF-8"?>
<testng-results skipped="0" failed="0" ignored="0" total="1" passed="1">
  <reporter-output>
  </reporter-output>
  <suite name="Default suite" duration-ms="8523" started-at="2019-02-14T20:10:20Z" finished-at="2019-02-14T20:10:29Z">
    <groups>
    </groups>
    <test name="Default test" duration-ms="8523" started-at="2019-02-14T20:10:20Z" finished-at="2019-02-14T20:10:29Z">
      <class name="quicklunch.NewTest">
        <test-method status="PASS" signature="ClickCallsTab()[pri:0, instance:quicklunch.NewTest@14acaea5]" name="ClickCallsTab" duration-ms="8456" started-at="2019-02-14T20:10:20Z" finished-at="2019-02-14T20:10:29Z">
          <reporter-output>
          </reporter-output>
        </test-method> <!-- ClickCallsTab -->
      </class> <!-- quicklunch.NewTest -->
    </test> <!-- Default test -->
  </suite> <!-- Default suite -->
</testng-results>
